<?xml version="1.0" encoding="UTF-8"?>
<TestRun id="d9bf75bb-539f-40f0-8083-a2a69b347050" name="SMARTERWEB@DESKTOP-VKCBDAB 2018-08-03 10:47:14" runUser="DESKTOP-VKCBDAB\SMARTERWEB" xmlns="http://microsoft.com/schemas/VisualStudio/TeamTest/2006">
  <TestRunConfiguration name="Local Test Run" id="d2f08f3b-d5ca-4bde-a22c-8713297ad1d5">
    <Description>This is a default test run configuration for a local test run.</Description>
    <Deployment userDeploymentRoot="C:\Users\SMARTERWEB\Documents\Visual Studio 2008\Projects\SW.SDK.20\TestResults" useDefaultDeploymentRoot="false" runDeploymentRoot="C:\Users\SMARTERWEB\Documents\Visual Studio 2008\Projects\SW.SDK.20\TestResults\SMARTERWEB_DESKTOP-VKCBDAB 2018-08-03 10_47_14">
      <DeploymentItem filename="C:\Users\SMARTERWEB\Documents\Visual Studio 2008\Projects\SW.SDK\SW.SDK\bin\Debug\Newtonsoft.Json.dll" />
      <DeploymentItem filename="C:\Users\SMARTERWEB\Documents\Visual Studio 2008\Projects\SW.SDK.20\UT_SWSDK20\bin\Debug\SW.SDK.20.dll" />
    </Deployment>
    <TestTypeSpecific />
  </TestRunConfiguration>
  <ResultSummary outcome="Error">
    <Counters total="1" error="0" failed="0" timeout="0" aborted="0" inconclusive="0" passedButRunAborted="0" notRunnable="0" notExecuted="1" disconnected="0" warning="0" passed="0" completed="0" inProgress="0" pending="0" />
    <RunInfos>
      <RunInfo computerName="DESKTOP-VKCBDAB" outcome="Error" timestamp="2018-08-03T12:57:57.4806027-05:00">
        <Text>Failed to stop test run 'SMARTERWEB@DESKTOP-VKCBDAB 2018-08-03 10:47:14': El puerto está ocupado: Todas las instancias de canalización están en uso.
</Text>
        <Exception>System.Runtime.Remoting.RemotingException: El puerto está ocupado: Todas las instancias de canalización están en uso.


Server stack trace: 
   en System.Runtime.Remoting.Channels.Ipc.IpcPort.Connect(String portName, Boolean secure, TokenImpersonationLevel impersonationLevel, Int32 timeout)
   en System.Runtime.Remoting.Channels.Ipc.ConnectionCache.GetConnection(String portName, Boolean secure, TokenImpersonationLevel level, Int32 timeout)
   en System.Runtime.Remoting.Channels.Ipc.IpcClientTransportSink.ProcessMessage(IMessage msg, ITransportHeaders requestHeaders, Stream requestStream, ITransportHeaders&amp; responseHeaders, Stream&amp; responseStream)
   en System.Runtime.Remoting.Channels.BinaryClientFormatterSink.SyncProcessMessage(IMessage msg)

Exception rethrown at [0]: 
   en System.Runtime.Remoting.Proxies.RealProxy.HandleReturnMessage(IMessage reqMsg, IMessage retMsg)
   en System.Runtime.Remoting.Proxies.RealProxy.PrivateInvoke(MessageData&amp; msgData, Int32 type)
   en Microsoft.VisualStudio.TestTools.Controller.IControllerExecution.StopTestRun(Guid testRunId)
   en Microsoft.VisualStudio.TestTools.TestManagement.ControllerProxy.StopTestRunWorker(Object o)</Exception>
      </RunInfo>
      <RunInfo computerName="DESKTOP-VKCBDAB" outcome="Error" timestamp="2018-08-03T12:57:57.4806027-05:00">
        <Text>Failed to stop test run 'SMARTERWEB@DESKTOP-VKCBDAB 2018-08-03 10:47:14': No se pudo leer desde un puerto IPC: Ha terminado la canalización.
</Text>
        <Exception>System.Runtime.Remoting.RemotingException: No se pudo leer desde un puerto IPC: Ha terminado la canalización.


Server stack trace: 
   en System.Runtime.Remoting.Channels.Ipc.IpcPort.Read(Byte[] data, Int32 offset, Int32 length)
   en System.Runtime.Remoting.Channels.Ipc.PipeStream.Read(Byte[] buffer, Int32 offset, Int32 size)
   en System.Runtime.Remoting.Channels.SocketHandler.ReadFromSocket(Byte[] buffer, Int32 offset, Int32 count)
   en System.Runtime.Remoting.Channels.SocketHandler.Read(Byte[] buffer, Int32 offset, Int32 count)
   en System.Runtime.Remoting.Channels.SocketHandler.ReadAndMatchFourBytes(Byte[] buffer)
   en System.Runtime.Remoting.Channels.Tcp.TcpSocketHandler.ReadAndMatchPreamble()
   en System.Runtime.Remoting.Channels.Tcp.TcpSocketHandler.ReadVersionAndOperation(UInt16&amp; operation)
   en System.Runtime.Remoting.Channels.Ipc.IpcClientHandler.ReadHeaders()
   en System.Runtime.Remoting.Channels.Ipc.IpcClientTransportSink.ProcessMessage(IMessage msg, ITransportHeaders requestHeaders, Stream requestStream, ITransportHeaders&amp; responseHeaders, Stream&amp; responseStream)
   en System.Runtime.Remoting.Channels.BinaryClientFormatterSink.SyncProcessMessage(IMessage msg)

Exception rethrown at [0]: 
   en System.Runtime.Remoting.Proxies.RealProxy.HandleReturnMessage(IMessage reqMsg, IMessage retMsg)
   en System.Runtime.Remoting.Proxies.RealProxy.PrivateInvoke(MessageData&amp; msgData, Int32 type)
   en Microsoft.VisualStudio.TestTools.Controller.IControllerExecution.StopTestRun(Guid testRunId)
   en Microsoft.VisualStudio.TestTools.TestManagement.ControllerProxy.StopTestRunWorker(Object o)</Exception>
      </RunInfo>
    </RunInfos>
  </ResultSummary>
  <Times creation="2018-08-03T10:47:14.1464634-05:00" queuing="2018-08-03T10:47:15.4679380-05:00" start="2018-08-03T10:47:15.6364874-05:00" finish="2018-08-03T12:57:57.5060472-05:00" />
  <TestDefinitions>
    <UnitTest name="TestMethod_IssuerJson" storage="c:\users\smarterweb\documents\visual studio 2008\projects\sw.sdk.20\ut_swsdk20\bin\debug\ut_swsdk20.dll" id="3a8f6e7e-ed1c-1be4-e1b2-93b03f8b555e">
      <Css projectStructure="" iteration="" />
      <Owners>
        <Owner name="" />
      </Owners>
      <Execution id="5b127abb-c81c-4865-9504-e0d900caf0eb" />
      <TestMethod codeBase="C:\Users\SMARTERWEB\Documents\Visual Studio 2008\Projects\SW.SDK.20\UT_SWSDK20\bin\Debug\UT_SWSDK20.dll" adapterTypeName="Microsoft.VisualStudio.TestTools.TestTypes.Unit.UnitTestAdapter, Microsoft.VisualStudio.QualityTools.Tips.UnitTest.Adapter, Version=9.0.0.0, Culture=neutral, PublicKeyToken=b03f5f7f11d50a3a" className="UT_SWSDK20.UT_SWSDK20, UT_SWSDK20" name="TestMethod_IssuerJson" />
    </UnitTest>
  </TestDefinitions>
  <TestLists>
    <TestList name="Results Not in a List" id="8c84fa94-04c1-424b-9868-57a2d4851a1d" />
    <TestList name="All Loaded Results" id="19431567-8539-422a-85d7-44ee4e166bda" />
  </TestLists>
  <TestEntries>
    <TestEntry testId="3a8f6e7e-ed1c-1be4-e1b2-93b03f8b555e" executionId="74af552e-a3c9-4691-a78e-c6c0e7ae3045" testListId="8c84fa94-04c1-424b-9868-57a2d4851a1d" />
  </TestEntries>
  <Results>
    <UnitTestResult executionId="74af552e-a3c9-4691-a78e-c6c0e7ae3045" testId="3a8f6e7e-ed1c-1be4-e1b2-93b03f8b555e" testName="TestMethod_IssuerJson" computerName="DESKTOP-VKCBDAB" duration="00:00:00" startTime="2018-08-03T10:47:15.7357330-05:00" endTime="0001-01-01T00:00:00.0000000-06:00" testType="13cdc9d9-ddb5-4fa4-a97d-d965ccfc6d4b" outcome="NotExecuted" testListId="8c84fa94-04c1-424b-9868-57a2d4851a1d">
    </UnitTestResult>
  </Results>
</TestRun>